#
# There is insufficient memory for the Java Runtime Environment to continue.
# Native memory allocation (mmap) failed to map 134217728 bytes for G1 virtual space
# Possible reasons:
#   The system is out of physical RAM or swap space
#   The process is running with CompressedOops enabled, and the Java Heap may be blocking the growth of the native heap
# Possible solutions:
#   Reduce memory load on the system
#   Increase physical memory or swap space
#   Check if swap backing store is full
#   Decrease Java heap size (-Xmx/-Xms)
#   Decrease number of Java threads
#   Decrease Java thread stack sizes (-Xss)
#   Set larger code cache with -XX:ReservedCodeCacheSize=
#   JVM is running with Unscaled Compressed Oops mode in which the Java heap is
#     placed in the first 4GB address space. The Java Heap base address is the
#     maximum limit for the native heap growth. Please use -XX:HeapBaseMinAddress
#     to set the Java Heap base and to place the Java Heap above 4GB virtual address.
# This output file may be truncated or incomplete.
#
#  Out of Memory Error (os_windows.cpp:3466), pid=19152, tid=21184
#
# JRE version:  (16.0.1+9) (build )
# Java VM: OpenJDK 64-Bit Server VM (16.0.1+9-24, mixed mode, sharing, tiered, compressed oops, compressed class ptrs, g1 gc, windows-amd64)
# No core dump will be written. Minidumps are not enabled by default on client versions of Windows
#

---------------  S U M M A R Y ------------

Command Line: -Dfile.encoding=UTF-8 -XX:+ShowCodeDetailsInExceptionMessages 새창데이터전달.Main2

Host: AMD Ryzen 5 1600 Six-Core Processor            , 12 cores, 7G,  Windows 10 , 64 bit Build 19041 (10.0.19041.1023)
Time: Thu Jul 15 17:50:35 2021  Windows 10 , 64 bit Build 19041 (10.0.19041.1023) elapsed time: 0.023819 seconds (0d 0h 0m 0s)

---------------  T H R E A D  ---------------

Current thread (0x000001bacf297a00):  JavaThread "Unknown thread" [_thread_in_vm, id=21184, stack(0x000000ae39500000,0x000000ae39600000)]

Stack: [0x000000ae39500000,0x000000ae39600000]
Native frames: (J=compiled Java code, j=interpreted, Vv=VM code, C=native code)
V  [jvm.dll+0x6687ca]
V  [jvm.dll+0x7ca3c9]
V  [jvm.dll+0x7cbb53]
V  [jvm.dll+0x7cc1b3]
V  [jvm.dll+0x242ea5]
V  [jvm.dll+0x665589]
V  [jvm.dll+0x65a175]
V  [jvm.dll+0x2fc5ab]
V  [jvm.dll+0x3037a6]
V  [jvm.dll+0x352fee]
V  [jvm.dll+0x35321f]
V  [jvm.dll+0x2d3618]
V  [jvm.dll+0x2d4854]
V  [jvm.dll+0x79ccb1]
V  [jvm.dll+0x360de1]
V  [jvm.dll+0x77a990]
V  [jvm.dll+0x3e55af]
V  [jvm.dll+0x3e7081]
C  [jli.dll+0x52fb]
C  [ucrtbase.dll+0x21bb2]
C  [KERNEL32.DLL+0x17034]
C  [ntdll.dll+0x52651]


---------------  P R O C E S S  ---------------

Threads class SMR info:
_java_thread_list=0x00007ffbe299cbb8, length=0, elements={
}

Java Threads: ( => current thread )

Other Threads:
  0x000001bacf2db3c0 GCTaskThread "GC Thread#0" [stack: 0x000000ae39600000,0x000000ae39700000] [id=21968]
  0x000001bacf32c010 ConcurrentGCThread "G1 Main Marker" [stack: 0x000000ae39700000,0x000000ae39800000] [id=6552]
  0x000001bacf32da90 ConcurrentGCThread "G1 Conc#0" [stack: 0x000000ae39800000,0x000000ae39900000] [id=21456]

[error occurred during error reporting (printing all threads), id 0xc0000005, EXCEPTION_ACCESS_VIOLATION (0xc0000005) at pc=0x00007ffbe21744d7]

VM state: not at safepoint (not fully initialized)

VM Mutex/Monitor currently owned by a thread:  ([mutex/lock_event])
[0x000001bacf294790] Heap_lock - owner thread: 0x000001bacf297a00

Heap address: 0x0000000081000000, size: 2032 MB, Compressed Oops mode: 32-bit

CDS archive(s) mapped at: [0x0000000000000000-0x0000000000000000-0x0000000000000000), size 0, SharedBaseAddress: 0x0000000800000000, ArchiveRelocationMode: 0.
Narrow klass base: 0x0000000000000000, Narrow klass shift: 0, Narrow klass range: 0x0

GC Precious Log:
<Empty>

Heap:
 garbage-first heap   total 0K, used 0K [0x0000000081000000, 0x0000000100000000)
  region size 1024K, 0 young (0K), 0 survivors (0K)

[error occurred during error reporting (printing heap information), id 0xc0000005, EXCEPTION_ACCESS_VIOLATION (0xc0000005) at pc=0x00007ffbe25524ed]

GC Heap History (0 events):
No events

Deoptimization events (0 events):
No events

Classes unloaded (0 events):
No events

Classes redefined (0 events):
No events

Internal exceptions (0 events):
No events

Events (1 events):
Event: 0.012 Loaded shared library C:\Users\Woong\.p2\pool\plugins\org.eclipse.justj.openjdk.hotspot.jre.full.win32.x86_64_16.0.1.v20210528-1205\jre\bin\java.dll


Dynamic libraries:
0x00007ff603640000 - 0x00007ff60364e000 	C:\Users\Woong\.p2\pool\plugins\org.eclipse.justj.openjdk.hotspot.jre.full.win32.x86_64_16.0.1.v20210528-1205\jre\bin\javaw.exe
0x00007ffc209b0000 - 0x00007ffc20ba5000 	C:\WINDOWS\SYSTEM32\ntdll.dll
0x00007ffc1fe40000 - 0x00007ffc1fefd000 	C:\WINDOWS\System32\KERNEL32.DLL
0x00007ffc1e1f0000 - 0x00007ffc1e4b9000 	C:\WINDOWS\System32\KERNELBASE.dll
0x00007ffc1e920000 - 0x00007ffc1ea20000 	C:\WINDOWS\System32\ucrtbase.dll
0x00007ffc175e0000 - 0x00007ffc175f8000 	C:\Users\Woong\.p2\pool\plugins\org.eclipse.justj.openjdk.hotspot.jre.full.win32.x86_64_16.0.1.v20210528-1205\jre\bin\jli.dll
0x00007ffc05e30000 - 0x00007ffc05e49000 	C:\Users\Woong\.p2\pool\plugins\org.eclipse.justj.openjdk.hotspot.jre.full.win32.x86_64_16.0.1.v20210528-1205\jre\bin\VCRUNTIME140.dll
0x00007ffc1eb20000 - 0x00007ffc1ecc0000 	C:\WINDOWS\System32\USER32.dll
0x00007ffc1e750000 - 0x00007ffc1e772000 	C:\WINDOWS\System32\win32u.dll
0x00007ffc1eaf0000 - 0x00007ffc1eb1a000 	C:\WINDOWS\System32\GDI32.dll
0x00007ffc1e810000 - 0x00007ffc1e91b000 	C:\WINDOWS\System32\gdi32full.dll
0x00007ffc1e4c0000 - 0x00007ffc1e55d000 	C:\WINDOWS\System32\msvcp_win.dll
0x00007ffc10bf0000 - 0x00007ffc10e8a000 	C:\WINDOWS\WinSxS\amd64_microsoft.windows.common-controls_6595b64144ccf1df_6.0.19041.1083_none_60bbe31371f34e71\COMCTL32.dll
0x00007ffc20700000 - 0x00007ffc2079e000 	C:\WINDOWS\System32\msvcrt.dll
0x00007ffc20490000 - 0x00007ffc204c0000 	C:\WINDOWS\System32\IMM32.DLL
0x00007ffc11600000 - 0x00007ffc1160c000 	C:\Users\Woong\.p2\pool\plugins\org.eclipse.justj.openjdk.hotspot.jre.full.win32.x86_64_16.0.1.v20210528-1205\jre\bin\vcruntime140_1.dll
0x00007ffc03a60000 - 0x00007ffc03af1000 	C:\Users\Woong\.p2\pool\plugins\org.eclipse.justj.openjdk.hotspot.jre.full.win32.x86_64_16.0.1.v20210528-1205\jre\bin\msvcp140.dll
0x00007ffbe1e90000 - 0x00007ffbe2a3b000 	C:\Users\Woong\.p2\pool\plugins\org.eclipse.justj.openjdk.hotspot.jre.full.win32.x86_64_16.0.1.v20210528-1205\jre\bin\server\jvm.dll
0x00007ffc20650000 - 0x00007ffc206fc000 	C:\WINDOWS\System32\ADVAPI32.dll
0x00007ffc204c0000 - 0x00007ffc2055b000 	C:\WINDOWS\System32\sechost.dll
0x00007ffc1f270000 - 0x00007ffc1f39a000 	C:\WINDOWS\System32\RPCRT4.dll
0x00007ffc1fd10000 - 0x00007ffc1fd18000 	C:\WINDOWS\System32\PSAPI.DLL
0x00007ffc11590000 - 0x00007ffc115b7000 	C:\WINDOWS\SYSTEM32\WINMM.dll
0x00007ffc197c0000 - 0x00007ffc197ca000 	C:\WINDOWS\SYSTEM32\VERSION.dll
0x00007ffc13ed0000 - 0x00007ffc13ed9000 	C:\WINDOWS\SYSTEM32\WSOCK32.dll
0x00007ffc1fd20000 - 0x00007ffc1fd8b000 	C:\WINDOWS\System32\WS2_32.dll
0x00007ffc1bf60000 - 0x00007ffc1bf72000 	C:\WINDOWS\SYSTEM32\kernel.appcore.dll
0x00007ffc04d80000 - 0x00007ffc04d8a000 	C:\Users\Woong\.p2\pool\plugins\org.eclipse.justj.openjdk.hotspot.jre.full.win32.x86_64_16.0.1.v20210528-1205\jre\bin\jimage.dll
0x00007ffc18b90000 - 0x00007ffc18d74000 	C:\WINDOWS\SYSTEM32\DBGHELP.DLL
0x00007ffc18960000 - 0x00007ffc1898c000 	C:\WINDOWS\SYSTEM32\dbgcore.DLL
0x00007ffc1e560000 - 0x00007ffc1e5e3000 	C:\WINDOWS\System32\bcryptPrimitives.dll
0x00007ffbe6330000 - 0x00007ffbe6355000 	C:\Users\Woong\.p2\pool\plugins\org.eclipse.justj.openjdk.hotspot.jre.full.win32.x86_64_16.0.1.v20210528-1205\jre\bin\java.dll

dbghelp: loaded successfully - version: 4.0.5 - missing functions: none
symbol engine: initialized successfully - sym options: 0x614 - pdb path: .;C:\Users\Woong\.p2\pool\plugins\org.eclipse.justj.openjdk.hotspot.jre.full.win32.x86_64_16.0.1.v20210528-1205\jre\bin;C:\WINDOWS\SYSTEM32;C:\WINDOWS\WinSxS\amd64_microsoft.windows.common-controls_6595b64144ccf1df_6.0.19041.1083_none_60bbe31371f34e71;C:\Users\Woong\.p2\pool\plugins\org.eclipse.justj.openjdk.hotspot.jre.full.win32.x86_64_16.0.1.v20210528-1205\jre\bin\server

VM Arguments:
jvm_args: -Dfile.encoding=UTF-8 -XX:+ShowCodeDetailsInExceptionMessages 
java_command: 새창데이터전달.Main2
java_class_path (initial): C:\Users\Woong\Desktop\자바공부_장건웅\javaProject\day18\bin;C:\Users\Woong\Downloads\mysql-connector-java-5.1.46.jar
Launcher Type: SUN_STANDARD

[Global flags]
     intx CICompilerCount                          = 4                                         {product} {ergonomic}
     uint ConcGCThreads                            = 3                                         {product} {ergonomic}
     uint G1ConcRefinementThreads                  = 10                                        {product} {ergonomic}
   size_t G1HeapRegionSize                         = 1048576                                   {product} {ergonomic}
    uintx GCDrainStackTargetSize                   = 64                                        {product} {ergonomic}
   size_t InitialHeapSize                          = 134217728                                 {product} {ergonomic}
   size_t MarkStackSize                            = 4194304                                   {product} {ergonomic}
   size_t MaxHeapSize                              = 2130706432                                {product} {ergonomic}
   size_t MinHeapDeltaBytes                        = 1048576                                   {product} {ergonomic}
   size_t MinHeapSize                              = 8388608                                   {product} {ergonomic}
    uintx NonNMethodCodeHeapSize                   = 5839372                                {pd product} {ergonomic}
    uintx NonProfiledCodeHeapSize                  = 122909434                              {pd product} {ergonomic}
    uintx ProfiledCodeHeapSize                     = 122909434                              {pd product} {ergonomic}
    uintx ReservedCodeCacheSize                    = 251658240                              {pd product} {ergonomic}
     bool SegmentedCodeCache                       = true                                      {product} {ergonomic}
     bool ShowCodeDetailsInExceptionMessages       = true                                   {manageable} {command line}
   size_t SoftMaxHeapSize                          = 2130706432                             {manageable} {ergonomic}
     bool UseCompressedClassPointers               = true                           {product lp64_product} {ergonomic}
     bool UseCompressedOops                        = true                           {product lp64_product} {ergonomic}
     bool UseG1GC                                  = true                                      {product} {ergonomic}
     bool UseLargePagesIndividualAllocation        = false                                  {pd product} {ergonomic}

Logging:
Log output configuration:
 #0: stdout all=warning uptime,level,tags
 #1: stderr all=off uptime,level,tags

Environment Variables:
PATH=C:/Users/Woong/.p2/pool/plugins/org.eclipse.justj.openjdk.hotspot.jre.full.win32.x86_64_16.0.1.v20210528-1205/jre/bin/server;C:/Users/Woong/.p2/pool/plugins/org.eclipse.justj.openjdk.hotspot.jre.full.win32.x86_64_16.0.1.v20210528-1205/jre/bin;C:\Program Files (x86)\Common Files\Oracle\Java\javapath;C:\Windows\system32;C:\Windows;C:\Windows\System32\Wbem;C:\Windows\System32\WindowsPowerShell\v1.0\;C:\Program Files (x86)\NVIDIA Corporation\PhysX\Common;C:\Program Files\NVIDIA Corporation\NVIDIA NvDLISR;C:\WINDOWS\system32;C:\WINDOWS;C:\WINDOWS\System32\Wbem;C:\WINDOWS\System32\WindowsPowerShell\v1.0\;C:\WINDOWS\System32\OpenSSH\;C:\Program Files (x86)\MySQL\MySQL Utilities 1.6\;C:\Users\Woong\AppData\Local\Microsoft\WindowsApps;;C:\Users\Woong\AppData\Local\afreeca;C:\Users\Woong\Desktop;
USERNAME=Woong
OS=Windows_NT
PROCESSOR_IDENTIFIER=AMD64 Family 23 Model 1 Stepping 1, AuthenticAMD



---------------  S Y S T E M  ---------------

OS:
 Windows 10 , 64 bit Build 19041 (10.0.19041.1023)
OS uptime: 2 days 1:42 hours

CPU: total 12 (initial active 12) (12 cores per cpu, 2 threads per core) family 23 model 1 stepping 1 microcode 0x0, cx8, cmov, fxsr, ht, mmx, 3dnowpref, sse, sse2, sse3, ssse3, sse4a, sse4.1, sse4.2, popcnt, lzcnt, tsc, tscinvbit, avx, avx2, aes, clmul, bmi1, bmi2, adx, sha, fma, vzeroupper, clflush, clflushopt

Memory: 4k page, system-wide physical 8124M (500M free)
TotalPageFile size 32700M (AvailPageFile size 36M)
current process WorkingSet (physical memory assigned to process): 11M, peak: 11M
current process commit charge ("private bytes"): 64M, peak: 192M

vm_info: OpenJDK 64-Bit Server VM (16.0.1+9-24) for windows-amd64 JRE (16.0.1+9-24), built on Mar 26 2021 19:30:07 by "mach5one" with MS VC++ 16.7 (VS2019)

END.
